1.0.4.3
Quick Fix with the Prismatic Fractal

1.0.4.2
Resprites, Enimey and Boss Loot Tables, Post-Moon Lord Enemies now spawn in respected biomes.
(Cosmic Enemies - Comet Biome, Fake AoI - Labrynth)

1.0.4.1
Fully Implemented the Ark of Imperious (Loot is being worked on...)
Overhauled Some Sprites

1.0.4
Overhauled Tons of Sprites
Added True Incinerius (Post-Moon Lord)
Added a whole bunch of new stuff to play around with

1.0.3
Optimizations and Changes (forgot what changed...)

1.0.2
Changes (forgot what changed...)

1.0.1
Changes (forgot what changed...)

1.0.0
Initial Release